2023-11-27 03:51:03,635 [INFO] Activator:177 - 


2023-11-27 03:51:03,635 [INFO] Activator:178 - !SESSION log4j initialized
2023-11-27 03:51:11,394 [INFO] McuFinderGlobals:39 - Set McuFinder mode to 2 (CubeIDE integrated)
2023-11-27 03:51:14,659 [INFO] ApplicationProperties:181 - Using Application install path: D:\STM32CubeIDE_1.7.0\STM32CubeIDE\plugins\com.st.stm32cube.common.mx_6.3.0.202107141111
2023-11-27 03:51:14,705 [INFO] DbMcusXml:74 - Set database path to: D:\STM32CubeIDE_1.7.0\STM32CubeIDE\plugins\com.st.stm32cube.common.mx_6.3.0.202107141111\\db\/mcu/
2023-11-27 03:51:14,721 [INFO] DbBoardsPdsc:56 - Set plugin database path to: D:\STM32CubeIDE_1.7.0\STM32CubeIDE\plugins\com.st.stm32cube.common.mx_6.3.0.202107141111\\db\/plugins/boardmanager/
2023-11-27 03:51:14,721 [INFO] DbMcus:258 - Set plugin images path to: D:\STM32CubeIDE_1.7.0\STM32CubeIDE\plugins\com.st.stm32cube.common.mx_6.3.0.202107141111\\db\/plugins/mcufinder/images/
2023-11-27 03:51:14,721 [INFO] DbBoards:264 - Set plugin images path to: D:\STM32CubeIDE_1.7.0\STM32CubeIDE\plugins\com.st.stm32cube.common.mx_6.3.0.202107141111\\db\/plugins/mcufinder/images/
2023-11-27 03:51:14,721 [INFO] DbExamples:333 - Set plugin images path to: D:\STM32CubeIDE_1.7.0\STM32CubeIDE\plugins\com.st.stm32cube.common.mx_6.3.0.202107141111\\db\/plugins/mcufinder/images/
2023-11-27 03:51:14,940 [INFO] DbMcusAds:119 - Set database path to: C:\Users\vtanc\.stmcufinder\plugins\mcufinder//mcu/
2023-11-27 03:51:14,955 [INFO] DbMcusDocs:110 - Set database path to: C:\Users\vtanc\.stmcufinder\plugins\mcufinder//mcu/
2023-11-27 03:51:14,955 [INFO] DbMcusJson:64 - Set database path to: C:\Users\vtanc\.stmcufinder\plugins\mcufinder//mcu/
2023-11-27 03:51:14,955 [INFO] DbBoardsDocs:110 - Set database path to: C:\Users\vtanc\.stmcufinder\plugins\mcufinder//mcu/
2023-11-27 03:51:14,955 [INFO] DbBoardsJson:57 - Set database path to: C:\Users\vtanc\.stmcufinder\plugins\mcufinder//mcu/
2023-11-27 03:51:14,971 [INFO] CrossReferenceDbSqlite:196 - Set database path to: C:\Users\vtanc\.stmcufinder\plugins\mcufinder//mcu/cs/
2023-11-27 03:51:14,971 [INFO] DbExamplesSqlite:767 - Set database path to: C:\Users\vtanc\.stmcufinder\plugins\mcufinder//mcu/
2023-11-27 03:51:15,237 [INFO] RulesReader:57 - Compatibility file has been processed (242 Rules)
2023-11-27 03:51:15,549 [INFO] DbMcusXml:74 - Set database path to: D:\STM32CubeIDE_1.7.0\STM32CubeIDE\plugins\com.st.stm32cube.common.mx_6.3.0.202107141111\\db\/mcu/
2023-11-27 03:51:15,549 [INFO] DbBoardsPdsc:56 - Set plugin database path to: D:\STM32CubeIDE_1.7.0\STM32CubeIDE\plugins\com.st.stm32cube.common.mx_6.3.0.202107141111\\db\/plugins/boardmanager/
2023-11-27 03:51:15,549 [INFO] DbMcus:258 - Set plugin images path to: D:\STM32CubeIDE_1.7.0\STM32CubeIDE\plugins\com.st.stm32cube.common.mx_6.3.0.202107141111\\db\/plugins/mcufinder/images/
2023-11-27 03:51:15,549 [INFO] DbBoards:264 - Set plugin images path to: D:\STM32CubeIDE_1.7.0\STM32CubeIDE\plugins\com.st.stm32cube.common.mx_6.3.0.202107141111\\db\/plugins/mcufinder/images/
2023-11-27 03:51:15,549 [INFO] DbExamples:333 - Set plugin images path to: D:\STM32CubeIDE_1.7.0\STM32CubeIDE\plugins\com.st.stm32cube.common.mx_6.3.0.202107141111\\db\/plugins/mcufinder/images/
2023-11-27 03:51:15,549 [WARN] DbFile:35 - Overriding database path with different value: C:\Users\vtanc\.stmcufinder\plugins\mcufinder/ => C:\Users\vtanc\.stmcufinder\plugins\mcufinder
2023-11-27 03:51:15,549 [INFO] DbMcusAds:119 - Set database path to: C:\Users\vtanc\.stmcufinder\plugins\mcufinder//mcu/
2023-11-27 03:51:15,549 [WARN] DbFile:35 - Overriding database path with different value: C:\Users\vtanc\.stmcufinder\plugins\mcufinder/ => C:\Users\vtanc\.stmcufinder\plugins\mcufinder
2023-11-27 03:51:15,549 [INFO] DbMcusDocs:110 - Set database path to: C:\Users\vtanc\.stmcufinder\plugins\mcufinder//mcu/
2023-11-27 03:51:15,549 [WARN] DbFile:35 - Overriding database path with different value: C:\Users\vtanc\.stmcufinder\plugins\mcufinder/ => C:\Users\vtanc\.stmcufinder\plugins\mcufinder
2023-11-27 03:51:15,549 [INFO] DbMcusJson:64 - Set database path to: C:\Users\vtanc\.stmcufinder\plugins\mcufinder//mcu/
2023-11-27 03:51:15,549 [WARN] DbFile:35 - Overriding database path with different value: C:\Users\vtanc\.stmcufinder\plugins\mcufinder/ => C:\Users\vtanc\.stmcufinder\plugins\mcufinder
2023-11-27 03:51:15,549 [INFO] DbBoardsDocs:110 - Set database path to: C:\Users\vtanc\.stmcufinder\plugins\mcufinder//mcu/
2023-11-27 03:51:15,549 [WARN] DbFile:35 - Overriding database path with different value: C:\Users\vtanc\.stmcufinder\plugins\mcufinder/ => C:\Users\vtanc\.stmcufinder\plugins\mcufinder
2023-11-27 03:51:15,549 [INFO] DbBoardsJson:57 - Set database path to: C:\Users\vtanc\.stmcufinder\plugins\mcufinder//mcu/
2023-11-27 03:51:15,549 [WARN] DbFile:35 - Overriding database path with different value: C:\Users\vtanc\.stmcufinder\plugins\mcufinder/ => C:\Users\vtanc\.stmcufinder\plugins\mcufinder
2023-11-27 03:51:15,549 [WARN] DbFile:35 - Overriding database path with different value: C:\Users\vtanc\.stmcufinder\plugins\mcufinder/ => C:\Users\vtanc\.stmcufinder\plugins\mcufinder
2023-11-27 03:51:15,549 [INFO] CrossReferenceDbSqlite:196 - Set database path to: C:\Users\vtanc\.stmcufinder\plugins\mcufinder//mcu/cs/
2023-11-27 03:51:15,549 [WARN] DbFile:35 - Overriding database path with different value: C:\Users\vtanc\.stmcufinder\plugins\mcufinder/ => C:\Users\vtanc\.stmcufinder\plugins\mcufinder
2023-11-27 03:51:15,549 [INFO] DbExamplesSqlite:767 - Set database path to: C:\Users\vtanc\.stmcufinder\plugins\mcufinder//mcu/
2023-11-27 03:51:15,783 [INFO] MainPanel:214 - HeapMemory: 268435456
2023-11-27 03:51:16,049 [INFO] DbMcusXml:74 - Set database path to: D:\STM32CubeIDE_1.7.0\STM32CubeIDE\plugins\com.st.stm32cube.common.mx_6.3.0.202107141111\\db\/mcu/
2023-11-27 03:51:16,049 [INFO] DbBoardsPdsc:56 - Set plugin database path to: D:\STM32CubeIDE_1.7.0\STM32CubeIDE\plugins\com.st.stm32cube.common.mx_6.3.0.202107141111\\db\/plugins/boardmanager/
2023-11-27 03:51:16,049 [INFO] DbMcus:258 - Set plugin images path to: D:\STM32CubeIDE_1.7.0\STM32CubeIDE\plugins\com.st.stm32cube.common.mx_6.3.0.202107141111\\db\/plugins/mcufinder/images/
2023-11-27 03:51:16,064 [INFO] DbBoards:264 - Set plugin images path to: D:\STM32CubeIDE_1.7.0\STM32CubeIDE\plugins\com.st.stm32cube.common.mx_6.3.0.202107141111\\db\/plugins/mcufinder/images/
2023-11-27 03:51:16,064 [INFO] DbExamples:333 - Set plugin images path to: D:\STM32CubeIDE_1.7.0\STM32CubeIDE\plugins\com.st.stm32cube.common.mx_6.3.0.202107141111\\db\/plugins/mcufinder/images/
2023-11-27 03:51:16,064 [WARN] DbFile:35 - Overriding database path with different value: C:\Users\vtanc\.stmcufinder\plugins\mcufinder/ => C:\Users\vtanc\.stmcufinder\plugins\mcufinder
2023-11-27 03:51:16,064 [INFO] DbMcusAds:119 - Set database path to: C:\Users\vtanc\.stmcufinder\plugins\mcufinder//mcu/
2023-11-27 03:51:16,064 [WARN] DbFile:35 - Overriding database path with different value: C:\Users\vtanc\.stmcufinder\plugins\mcufinder/ => C:\Users\vtanc\.stmcufinder\plugins\mcufinder
2023-11-27 03:51:16,064 [INFO] DbMcusDocs:110 - Set database path to: C:\Users\vtanc\.stmcufinder\plugins\mcufinder//mcu/
2023-11-27 03:51:16,064 [WARN] DbFile:35 - Overriding database path with different value: C:\Users\vtanc\.stmcufinder\plugins\mcufinder/ => C:\Users\vtanc\.stmcufinder\plugins\mcufinder
2023-11-27 03:51:16,064 [INFO] DbMcusJson:64 - Set database path to: C:\Users\vtanc\.stmcufinder\plugins\mcufinder//mcu/
2023-11-27 03:51:16,064 [WARN] DbFile:35 - Overriding database path with different value: C:\Users\vtanc\.stmcufinder\plugins\mcufinder/ => C:\Users\vtanc\.stmcufinder\plugins\mcufinder
2023-11-27 03:51:16,064 [INFO] DbBoardsDocs:110 - Set database path to: C:\Users\vtanc\.stmcufinder\plugins\mcufinder//mcu/
2023-11-27 03:51:16,064 [WARN] DbFile:35 - Overriding database path with different value: C:\Users\vtanc\.stmcufinder\plugins\mcufinder/ => C:\Users\vtanc\.stmcufinder\plugins\mcufinder
2023-11-27 03:51:16,064 [INFO] DbBoardsJson:57 - Set database path to: C:\Users\vtanc\.stmcufinder\plugins\mcufinder//mcu/
2023-11-27 03:51:16,064 [WARN] DbFile:35 - Overriding database path with different value: C:\Users\vtanc\.stmcufinder\plugins\mcufinder/ => C:\Users\vtanc\.stmcufinder\plugins\mcufinder
2023-11-27 03:51:16,064 [WARN] DbFile:35 - Overriding database path with different value: C:\Users\vtanc\.stmcufinder\plugins\mcufinder/ => C:\Users\vtanc\.stmcufinder\plugins\mcufinder
2023-11-27 03:51:16,064 [INFO] CrossReferenceDbSqlite:196 - Set database path to: C:\Users\vtanc\.stmcufinder\plugins\mcufinder//mcu/cs/
2023-11-27 03:51:16,064 [WARN] DbFile:35 - Overriding database path with different value: C:\Users\vtanc\.stmcufinder\plugins\mcufinder/ => C:\Users\vtanc\.stmcufinder\plugins\mcufinder
2023-11-27 03:51:16,064 [INFO] DbExamplesSqlite:767 - Set database path to: C:\Users\vtanc\.stmcufinder\plugins\mcufinder//mcu/
2023-11-27 03:51:16,096 [INFO] ApplicationProperties:181 - Using Application install path: D:\STM32CubeIDE_1.7.0\STM32CubeIDE\plugins\com.st.stm32cube.common.mx_6.3.0.202107141111
2023-11-27 03:51:16,096 [INFO] PluginManage:188 - Search for loadable plugins [exclusion list=, ]
2023-11-27 03:51:16,111 [INFO] PluginManage:302 - Check plugin analytics
2023-11-27 03:51:21,907 [INFO] AnalyticsPlugin:257 - Accepted Software Licenses: 
2023-11-27 03:51:21,907 [INFO] AnalyticsPlugin:259 - Accepted CMSIS Pack Licenses: 
2023-11-27 03:51:21,907 [INFO] AnalyticsPlugin:261 - Accepted Firmware Licenses: 
2023-11-27 03:51:21,907 [INFO] PluginManage:352 - Loaded plugin analytics (category:tool,tabindex:-1)
2023-11-27 03:51:21,907 [INFO] PluginManage:302 - Check plugin clock
2023-11-27 03:51:22,001 [INFO] PluginManage:352 - Loaded plugin clock (category:base,tabindex:2)
2023-11-27 03:51:22,001 [INFO] PluginManage:302 - Check plugin ddr
2023-11-27 03:51:22,001 [INFO] PluginManage:352 - Loaded plugin ddr (category:tool,tabindex:6)
2023-11-27 03:51:22,001 [INFO] PluginManage:302 - Check plugin filemanager
2023-11-27 03:51:22,563 [INFO] PluginManage:352 - Loaded plugin filemanager (category:base,tabindex:10)
2023-11-27 03:51:22,563 [INFO] PluginManage:302 - Check plugin ipmanager
2023-11-27 03:51:22,641 [INFO] PluginManage:352 - Loaded plugin ipmanager (category:base,tabindex:5)
2023-11-27 03:51:22,641 [INFO] PluginManage:302 - Check plugin pinoutandconfiguration
2023-11-27 03:51:22,657 [INFO] PluginManage:352 - Loaded plugin pinoutandconfiguration (category:base,tabindex:1)
2023-11-27 03:51:22,657 [INFO] PluginManage:302 - Check plugin pinoutconfig
2023-11-27 03:51:22,750 [INFO] PluginManage:352 - Loaded plugin pinoutconfig (category:base,tabindex:0)
2023-11-27 03:51:22,750 [INFO] PluginManage:302 - Check plugin power
2023-11-27 03:51:22,860 [INFO] PluginManage:352 - Loaded plugin power (category:power,tabindex:4)
2023-11-27 03:51:22,860 [INFO] PluginManage:302 - Check plugin projectmanager
2023-11-27 03:51:22,891 [INFO] PluginManage:352 - Loaded plugin projectmanager (category:projectmanager,tabindex:3)
2023-11-27 03:51:22,891 [INFO] PluginManage:302 - Check plugin thirdparty
2023-11-27 03:51:23,438 [WARN] IntegrityCheckThread:78 - waiting for thirdparty lock release [integrity check]
2023-11-27 03:51:23,453 [INFO] IntegrityCheckThread:80 - entering critical section [integrity check]
2023-11-27 03:51:23,438 [INFO] PluginManage:352 - Loaded plugin thirdparty (category:base,tabindex:-1)
2023-11-27 03:51:23,453 [INFO] PluginManage:302 - Check plugin tools
2023-11-27 03:51:23,453 [INFO] ThirdPartyUpdaterWithRetryManager:66 - Updater plugin not ready yet. [1/15]
2023-11-27 03:51:23,516 [INFO] PluginManage:352 - Loaded plugin tools (category:base,tabindex:7)
2023-11-27 03:51:23,516 [INFO] PluginManage:302 - Check plugin tutovideos
2023-11-27 03:51:24,172 [INFO] PluginManage:352 - Loaded plugin tutovideos (category:base,tabindex:-1)
2023-11-27 03:51:24,172 [INFO] PluginManage:302 - Check plugin updater
2023-11-27 03:51:24,219 [INFO] PluginManage:352 - Loaded plugin updater (category:base,tabindex:12)
2023-11-27 03:51:24,219 [INFO] PluginManage:275 - PluginManage : Loaded plugins [13]
2023-11-27 03:51:24,812 [INFO] PinOutPanel:1463 - setPackage(No Configuration,No Configuration)
2023-11-27 03:51:25,062 [INFO] IPUIPlugin:74 - create IPUIPlugin
2023-11-27 03:51:25,062 [INFO] PluginManager:213 - loadIPPluginJar : add adc
2023-11-27 03:51:25,125 [INFO] IPUIPlugin:74 - create IPUIPlugin
2023-11-27 03:51:25,125 [INFO] PluginManager:213 - loadIPPluginJar : add aes
2023-11-27 03:51:25,172 [INFO] IPUIPlugin:74 - create IPUIPlugin
2023-11-27 03:51:25,172 [INFO] PluginManager:213 - loadIPPluginJar : add can
2023-11-27 03:51:25,219 [INFO] IPUIPlugin:74 - create IPUIPlugin
2023-11-27 03:51:25,219 [INFO] PluginManager:213 - loadIPPluginJar : add comp
2023-11-27 03:51:25,312 [INFO] IPUIPlugin:74 - create IPUIPlugin
2023-11-27 03:51:25,312 [INFO] PluginManager:213 - loadIPPluginJar : add cryp
2023-11-27 03:51:25,344 [INFO] IPUIPlugin:74 - create IPUIPlugin
2023-11-27 03:51:25,344 [INFO] PluginManager:213 - loadIPPluginJar : add dfsdm
2023-11-27 03:51:25,360 [INFO] IPUIPlugin:74 - create IPUIPlugin
2023-11-27 03:51:25,360 [INFO] PluginManager:213 - loadIPPluginJar : add dma
2023-11-27 03:51:25,453 [INFO] IPUIPlugin:74 - create IPUIPlugin
2023-11-27 03:51:25,453 [INFO] PluginManager:213 - loadIPPluginJar : add dma3
2023-11-27 03:51:25,484 [INFO] IPUIPlugin:74 - create IPUIPlugin
2023-11-27 03:51:25,484 [INFO] PluginManager:213 - loadIPPluginJar : add fatfs
2023-11-27 03:51:25,547 [INFO] IPUIPlugin:74 - create IPUIPlugin
2023-11-27 03:51:25,547 [INFO] PluginManager:213 - loadIPPluginJar : add fmc
2023-11-27 03:51:25,562 [INFO] IPUIPlugin:74 - create IPUIPlugin
2023-11-27 03:51:25,562 [INFO] PluginManager:213 - loadIPPluginJar : add freertos
2023-11-27 03:51:25,594 [INFO] IPUIPlugin:74 - create IPUIPlugin
2023-11-27 03:51:25,594 [INFO] PluginManager:213 - loadIPPluginJar : add genericplugin
2023-11-27 03:51:25,687 [INFO] IPUIPlugin:74 - create IPUIPlugin
2023-11-27 03:51:25,687 [INFO] PluginManager:213 - loadIPPluginJar : add gfxmmu
2023-11-27 03:51:25,812 [INFO] IPUIPlugin:74 - create IPUIPlugin
2023-11-27 03:51:25,812 [INFO] PluginManager:213 - loadIPPluginJar : add gic
2023-11-27 03:51:25,828 [INFO] IPUIPlugin:74 - create IPUIPlugin
2023-11-27 03:51:25,828 [INFO] PluginManager:213 - loadIPPluginJar : add gpio
2023-11-27 03:51:25,922 [INFO] IPUIPlugin:74 - create IPUIPlugin
2023-11-27 03:51:25,922 [INFO] PluginManager:213 - loadIPPluginJar : add gtzc
2023-11-27 03:51:25,953 [INFO] IPUIPlugin:74 - create IPUIPlugin
2023-11-27 03:51:25,953 [INFO] PluginManager:213 - loadIPPluginJar : add hash
2023-11-27 03:51:26,031 [INFO] IPUIPlugin:74 - create IPUIPlugin
2023-11-27 03:51:26,031 [INFO] PluginManager:213 - loadIPPluginJar : add i2c
2023-11-27 03:51:26,078 [INFO] IPUIPlugin:74 - create IPUIPlugin
2023-11-27 03:51:26,078 [INFO] PluginManager:213 - loadIPPluginJar : add i2s
2023-11-27 03:51:26,093 [INFO] IPUIPlugin:74 - create IPUIPlugin
2023-11-27 03:51:26,093 [INFO] PluginManager:213 - loadIPPluginJar : add ipddr
2023-11-27 03:51:26,187 [INFO] IPUIPlugin:74 - create IPUIPlugin
2023-11-27 03:51:26,187 [INFO] PluginManager:213 - loadIPPluginJar : add linkedlist
2023-11-27 03:51:26,234 [INFO] IPUIPlugin:74 - create IPUIPlugin
2023-11-27 03:51:26,234 [INFO] PluginManager:213 - loadIPPluginJar : add lorawan
2023-11-27 03:51:26,265 [INFO] IPUIPlugin:74 - create IPUIPlugin
2023-11-27 03:51:26,265 [INFO] PluginManager:213 - loadIPPluginJar : add ltdc
2023-11-27 03:51:26,312 [INFO] IPUIPlugin:74 - create IPUIPlugin
2023-11-27 03:51:26,312 [INFO] PluginManager:213 - loadIPPluginJar : add mdma
2023-11-27 03:51:26,328 [INFO] IPUIPlugin:74 - create IPUIPlugin
2023-11-27 03:51:26,328 [INFO] PluginManager:213 - loadIPPluginJar : add nvic
2023-11-27 03:51:26,375 [INFO] IPUIPlugin:74 - create IPUIPlugin
2023-11-27 03:51:26,375 [INFO] PluginManager:213 - loadIPPluginJar : add opamp
2023-11-27 03:51:26,453 [INFO] IPUIPlugin:74 - create IPUIPlugin
2023-11-27 03:51:26,453 [INFO] PluginManager:213 - loadIPPluginJar : add openamp
2023-11-27 03:51:26,468 [INFO] ThirdPartyUpdaterWithRetryManager:66 - Updater plugin not ready yet. [2/15]
2023-11-27 03:51:26,500 [INFO] IPUIPlugin:74 - create IPUIPlugin
2023-11-27 03:51:26,500 [INFO] PluginManager:213 - loadIPPluginJar : add pdm2pcm
2023-11-27 03:51:26,515 [INFO] IPUIPlugin:74 - create IPUIPlugin
2023-11-27 03:51:26,531 [INFO] PluginManager:213 - loadIPPluginJar : add plateformsettings
2023-11-27 03:51:26,546 [INFO] IPUIPlugin:74 - create IPUIPlugin
2023-11-27 03:51:26,546 [INFO] PluginManager:213 - loadIPPluginJar : add quadspi
2023-11-27 03:51:26,562 [INFO] IPUIPlugin:74 - create IPUIPlugin
2023-11-27 03:51:26,562 [INFO] PluginManager:213 - loadIPPluginJar : add resmgrutility
2023-11-27 03:51:26,625 [INFO] IPUIPlugin:74 - create IPUIPlugin
2023-11-27 03:51:26,625 [INFO] PluginManager:213 - loadIPPluginJar : add sai
2023-11-27 03:51:26,671 [INFO] IPUIPlugin:74 - create IPUIPlugin
2023-11-27 03:51:26,671 [INFO] PluginManager:213 - loadIPPluginJar : add spi
2023-11-27 03:51:26,734 [INFO] IPUIPlugin:74 - create IPUIPlugin
2023-11-27 03:51:26,734 [INFO] PluginManager:213 - loadIPPluginJar : add stm32_wpan
2023-11-27 03:51:26,765 [INFO] IPUIPlugin:74 - create IPUIPlugin
2023-11-27 03:51:26,765 [INFO] PluginManager:213 - loadIPPluginJar : add tim
2023-11-27 03:51:26,843 [INFO] IPUIPlugin:74 - create IPUIPlugin
2023-11-27 03:51:26,843 [INFO] PluginManager:213 - loadIPPluginJar : add touchsensing
2023-11-27 03:51:26,874 [INFO] IPUIPlugin:74 - create IPUIPlugin
2023-11-27 03:51:26,874 [INFO] PluginManager:213 - loadIPPluginJar : add tracer_emb
2023-11-27 03:51:26,968 [INFO] IPUIPlugin:74 - create IPUIPlugin
2023-11-27 03:51:26,968 [INFO] PluginManager:213 - loadIPPluginJar : add ts
2023-11-27 03:51:26,999 [INFO] IPUIPlugin:74 - create IPUIPlugin
2023-11-27 03:51:26,999 [INFO] PluginManager:213 - loadIPPluginJar : add tsc
2023-11-27 03:51:27,062 [INFO] IPUIPlugin:74 - create IPUIPlugin
2023-11-27 03:51:27,062 [INFO] PluginManager:213 - loadIPPluginJar : add ucpd
2023-11-27 03:51:27,109 [INFO] IPUIPlugin:74 - create IPUIPlugin
2023-11-27 03:51:27,109 [INFO] PluginManager:213 - loadIPPluginJar : add usart
2023-11-27 03:51:27,156 [INFO] IPUIPlugin:74 - create IPUIPlugin
2023-11-27 03:51:27,156 [INFO] PluginManager:213 - loadIPPluginJar : add usbx
2023-11-27 03:51:27,536 [FATAL] Updater:294 - Updater called before beeing initialized
2023-11-27 03:51:27,661 [FATAL] Updater:294 - Updater called before beeing initialized
2023-11-27 03:51:27,661 [INFO] DbMcusAds:47 - JSON generation date=Tue Mar 07 15:50:55 ICT 2023 (1678179055114)
2023-11-27 03:51:27,661 [FATAL] Updater:294 - Updater called before beeing initialized
2023-11-27 03:51:27,849 [WARN] DetailPanel:314 - Failed to get advertising image, set to default
2023-11-27 03:51:27,990 [FATAL] Updater:294 - Updater called before beeing initialized
2023-11-27 03:51:28,036 [FATAL] Updater:294 - Updater called before beeing initialized
2023-11-27 03:51:28,036 [FATAL] Updater:294 - Updater called before beeing initialized
2023-11-27 03:51:28,036 [WARN] DetailPanel:314 - Failed to get advertising image, set to default
2023-11-27 03:51:28,036 [FATAL] Updater:294 - Updater called before beeing initialized
2023-11-27 03:51:28,099 [ERROR] Updater:1075 - MainUpdater not yet initialized. External WinMGr cannot be set.
2023-11-27 03:51:28,114 [INFO] Updater:1012 - Updater Version found : 6.3.0
2023-11-27 03:51:28,146 [INFO] ApplicationProperties:181 - Using Application install path: D:\STM32CubeIDE_1.7.0\STM32CubeIDE\plugins\com.st.stm32cube.common.mx_6.3.0.202107141111
2023-11-27 03:51:28,677 [INFO] MainUpdater:2671 - connection check result : 10
2023-11-27 03:51:28,677 [INFO] MainUpdater:3359 - Updater definition file requires update
2023-11-27 03:51:28,692 [INFO] MainUpdater:265 - Updater Check For Update Now.
2023-11-27 03:51:28,692 [INFO] MicroXplorer:478 - Change Database Version : DB.6.0.30
2023-11-27 03:51:28,849 [INFO] ServerAccessManage:362 - Download File updaters.zip
2023-11-27 03:51:28,942 [INFO] FileExtend:235 - Unzip File : updaters.zip
2023-11-27 03:51:28,942 [INFO] FileExtend:250 - Standard Zip Deflate
2023-11-27 03:51:29,474 [WARN] MainUpdater:1122 - Updater busy. Cannot search thirdparties
2023-11-27 03:51:29,474 [INFO] ThirdPartyUpdaterWithRetryManager:92 - Updater plugin is busy. [1/15]
2023-11-27 03:51:30,411 [INFO] ServerAccessManage:362 - Download File PacksControlFlags.xml
2023-11-27 03:51:30,568 [INFO] ServerAccessManage:362 - Download File cubemx.pidx
2023-11-27 03:51:31,349 [INFO] ServerAccessManage:362 - Download File STMicroelectronics.FP-SNS-MOTENVWB1.pdsc
2023-11-27 03:51:32,286 [INFO] ServerAccessManage:362 - Download File STMicroelectronics.X-CUBE-BLEMGR.pdsc
2023-11-27 03:51:32,489 [WARN] MainUpdater:1122 - Updater busy. Cannot search thirdparties
2023-11-27 03:51:32,489 [INFO] ThirdPartyUpdaterWithRetryManager:92 - Updater plugin is busy. [2/15]
2023-11-27 03:51:33,505 [INFO] ServerAccessManage:362 - Download File STMicroelectronics.X-CUBE-EEPRMA1.pdsc
2023-11-27 03:51:34,707 [ERROR] ServerAccessManage:974 - Problem, file not found on Server
2023-11-27 03:51:35,503 [WARN] MainUpdater:1122 - Updater busy. Cannot search thirdparties
2023-11-27 03:51:35,503 [INFO] ThirdPartyUpdaterWithRetryManager:92 - Updater plugin is busy. [3/15]
2023-11-27 03:51:35,613 [INFO] ServerAccessManage:362 - Download File STMicroelectronics.X-CUBE-MEMS1.pdsc
2023-11-27 03:51:38,519 [WARN] MainUpdater:1122 - Updater busy. Cannot search thirdparties
2023-11-27 03:51:38,519 [INFO] ThirdPartyUpdaterWithRetryManager:92 - Updater plugin is busy. [4/15]
2023-11-27 03:51:38,831 [INFO] ServerAccessManage:362 - Download File STMicroelectronics.X-CUBE-TOF1.pdsc
2023-11-27 03:51:39,847 [INFO] MainUpdater:2671 - connection check result : 10
2023-11-27 03:51:40,846 [ERROR] ServerAccessManage:974 - Problem, file not found on Server
2023-11-27 03:51:41,080 [INFO] ServerAccessManage:362 - Download File STMicroelectronics.X-CUBE-TOUCHGFX.pdsc
2023-11-27 03:51:41,534 [WARN] MainUpdater:1122 - Updater busy. Cannot search thirdparties
2023-11-27 03:51:41,534 [INFO] ThirdPartyUpdaterWithRetryManager:92 - Updater plugin is busy. [5/15]
2023-11-27 03:51:44,537 [WARN] MainUpdater:1122 - Updater busy. Cannot search thirdparties
2023-11-27 03:51:44,537 [INFO] ThirdPartyUpdaterWithRetryManager:92 - Updater plugin is busy. [6/15]
2023-11-27 03:51:44,677 [ERROR] ServerAccessManage:981 - Problem, Http access forbiden
2023-11-27 03:51:44,677 [ERROR] ServerAccessManage:531 - Problem, Http access forbiden : RoweBots.I-CUBE-UNISONRTOS.pdsc.
2023-11-27 03:51:46,582 [INFO] ServerAccessManage:362 - Download File ITTIA_DB.I-CUBE-ITTIADB.pdsc
2023-11-27 03:51:47,552 [WARN] MainUpdater:1122 - Updater busy. Cannot search thirdparties
2023-11-27 03:51:47,552 [INFO] ThirdPartyUpdaterWithRetryManager:92 - Updater plugin is busy. [7/15]
2023-11-27 03:51:50,557 [WARN] MainUpdater:1122 - Updater busy. Cannot search thirdparties
2023-11-27 03:51:50,557 [INFO] ThirdPartyUpdaterWithRetryManager:92 - Updater plugin is busy. [8/15]
2023-11-27 03:51:51,698 [INFO] ServerAccessManage:362 - Download File Infineon.AIROC-Wi-Fi-Bluetooth-STM32.pdsc
2023-11-27 03:51:52,182 [INFO] McuFinderGlobals:52 - Set McuFinderConnectedMode to false
2023-11-27 03:51:52,354 [INFO] CrossSelectorPresenter:1330 - Cross Selector saved comparison directory: C:\Users\vtanc\.stmcufinder\plugins\mcufinder\mcu\cs_comparisons_mx
2023-11-27 03:51:52,369 [INFO] MultiScanPanel:197 - Auto-refresh data requested => check proxy status ongoing
2023-11-27 03:51:52,369 [INFO] MultiScanPanel:201 - Proxy status is invalid
2023-11-27 03:51:52,369 [INFO] FinderPluginLoader:87 - Searching for filters in installed packs
2023-11-27 03:51:52,385 [INFO] DbMcusXml:100 - Load MCU database from D:\STM32CubeIDE_1.7.0\STM32CubeIDE\plugins\com.st.stm32cube.common.mx_6.3.0.202107141111\\db\/mcu/families.xml
2023-11-27 03:51:53,166 [INFO] DbMcusJson:93 - JSON generation date=Tue Nov 16 23:17:54 ICT 2021 (1637079474)
2023-11-27 03:51:53,572 [WARN] MainUpdater:1122 - Updater busy. Cannot search thirdparties
2023-11-27 03:51:53,572 [INFO] ThirdPartyUpdaterWithRetryManager:92 - Updater plugin is busy. [9/15]
2023-11-27 03:51:53,869 [INFO] DbMcus:175 - Found 1951 MCUs (1903 are supported by CubeMX, 1914 are visible in CubeMX)
2023-11-27 03:51:53,869 [INFO] ApiDb:251 - Load user favorites file C:\Users\vtanc/.stm32cubeide/favorites.mcus.txt: 0 item(s)
2023-11-27 03:51:53,869 [INFO] ApiDb:255 - User favorites MCUs=[]
2023-11-27 03:51:53,869 [INFO] DbMcus:187 - Set 0 / 0 favorites MCUs
2023-11-27 03:51:54,962 [WARN] PopulateThirdPartyThread:100 - Error when creating pack: C:/Users/vtanc/.stm32cubemx/thirdparties/pdsc/STMicroelectronics.FP-SNS-MOTENVWB1.pdsc
2023-11-27 03:51:54,962 [WARN] PopulateThirdPartyThread:100 - Error when creating pack: C:/Users/vtanc/.stm32cubemx/thirdparties/pdsc/STMicroelectronics.X-CUBE-BLEMGR.pdsc
2023-11-27 03:51:55,041 [WARN] PackLoader:238 - Cannot read IP mode file for STMicroelectronics.X-CUBE-EEPRMA1.4.2.0
2023-11-27 03:51:55,103 [INFO] CheckServerUpdateThread:112 - End of CheckServer Thread
2023-11-27 03:51:55,103 [WARN] PackLoader:238 - Cannot read IP mode file for STMicroelectronics.X-CUBE-MEMS1.10.0.0
2023-11-27 03:51:55,259 [WARN] PopulateThirdPartyThread:100 - Error when creating pack: C:/Users/vtanc/.stm32cubemx/thirdparties/pdsc/STMicroelectronics.X-CUBE-TOF1.pdsc
2023-11-27 03:51:55,259 [WARN] PackLoader:238 - Cannot read IP mode file for STMicroelectronics.X-CUBE-TOUCHGFX.4.22.1
2023-11-27 03:51:55,291 [WARN] PopulateThirdPartyThread:100 - Error when creating pack: C:/Users/vtanc/.stm32cubemx/thirdparties/pdsc/ITTIA_DB.I-CUBE-ITTIADB.pdsc
2023-11-27 03:51:55,291 [WARN] PopulateThirdPartyThread:100 - Error when creating pack: C:/Users/vtanc/.stm32cubemx/thirdparties/pdsc/Infineon.AIROC-Wi-Fi-Bluetooth-STM32.pdsc
2023-11-27 03:51:55,291 [INFO] PopulateThirdPartyThread:60 - Ending populate Thread
2023-11-27 03:51:55,291 [INFO] ThirdParty:967 - CMSIS Pack Vendor :STMicroelectronics X-CUBE-MEMS1 10.0.0
2023-11-27 03:51:55,291 [INFO] ThirdParty:967 - CMSIS Pack Vendor :STMicroelectronics X-CUBE-TOUCHGFX 4.22.1
2023-11-27 03:51:55,291 [INFO] ThirdParty:967 - CMSIS Pack Vendor :STMicroelectronics X-CUBE-EEPRMA1 4.2.0
2023-11-27 03:51:55,291 [INFO] LoadServerUpdatesThread:339 - End of LoadServerUpdate Thread
2023-11-27 03:51:55,478 [INFO] DetailPanel:309 - Set advertising image to C:/Users/vtanc/STM32Cube/Repository/\en.prom-stm32h5-mcu-finder.jpg
2023-11-27 03:51:55,915 [INFO] DbBoardsPdsc:90 - Found 25 items
2023-11-27 03:51:55,931 [INFO] DbBoardsPdsc:90 - Found 9 items
2023-11-27 03:51:55,947 [INFO] DbBoardsPdsc:90 - Found 33 items
2023-11-27 03:51:55,962 [INFO] DbBoardsPdsc:90 - Found 1 items
2023-11-27 03:51:55,978 [INFO] DbBoardsPdsc:90 - Found 48 items
2023-11-27 03:51:55,993 [INFO] DbBoardsPdsc:90 - Found 43 items
2023-11-27 03:51:56,010 [INFO] DbBoardsPdsc:90 - Found 2 items
2023-11-27 03:51:56,040 [INFO] DbBoardsPdsc:90 - Found 5 items
2023-11-27 03:51:56,040 [WARN] DbBoardsPdsc:254 - Board STM32H7B3I-DK: unknown feature type=Audio, name=, username=Audio stereo codec with Headphone Amp (CS42L51-CNZ), n=1
2023-11-27 03:51:56,040 [WARN] DbBoardsPdsc:254 - Board STM32H735G-DK: unknown feature type=Audio, name=, username=Audio stereo codec with Headphone Amp (WM8994ECS/R), n=1
2023-11-27 03:51:56,040 [WARN] DbBoardsPdsc:254 - Board STM32H7B3I-EVAL: unknown feature type=Audio, name=, username=Multi-Channel Audio Codec (CS42L51-CNZ), n=1
2023-11-27 03:51:56,040 [WARN] DbBoardsPdsc:254 - Board STM32H7B3I-EVAL: unknown feature type=Meter, name=, username=Power-metering and Temperature-monitoring with sigma-delta modulators, n=1
2023-11-27 03:51:56,040 [WARN] DbBoardsPdsc:254 - Board STM32H7B3I-EVAL: unknown feature type=Motor, name=, username=Motor Control, n=1
2023-11-27 03:51:56,040 [WARN] DbBoardsPdsc:254 - Board STM32U575I-EV: unknown feature type=joystick, name=, username=4-direction joystick with selection button, n=1
2023-11-27 03:51:56,103 [INFO] DbBoardsJson:86 - JSON generation date=Tue Nov 16 23:17:54 ICT 2021 (1637079474)
2023-11-27 03:51:56,103 [INFO] DbBoards:117 - Found 167 boards (163 are supported by CubeMX)
2023-11-27 03:51:56,119 [INFO] DbBoardsDocs:143 - JSON generation date=Tue Nov 16 23:17:54 ICT 2021 (1637079474)
2023-11-27 03:51:56,134 [INFO] DbBoardsDocs:79 - Found 209 boards documents
2023-11-27 03:51:56,134 [WARN] DbBoards:127 - board B-L475E-IOT01A2 has no document id list !
2023-11-27 03:51:56,134 [WARN] DbBoards:127 - board NUCLEO-H743ZI has no document id list !
2023-11-27 03:51:56,134 [WARN] DbBoards:127 - board NUCLEO-WL55JC2 has no document id list !
2023-11-27 03:51:56,134 [WARN] DbBoards:127 - board P-NUCLEO-WB55-Nucleo has no document id list !
2023-11-27 03:51:56,134 [WARN] DbBoards:127 - board P-NUCLEO-WB55-USBDongle has no document id list !
2023-11-27 03:51:56,134 [WARN] DbBoards:127 - board STEVAL-BFA001V1B has no document id list !
2023-11-27 03:51:56,134 [WARN] DbBoards:127 - board STEVAL-BFA001V2B has no document id list !
2023-11-27 03:51:56,134 [WARN] DbBoards:127 - board STEVAL-IDP005V1 has no document id list !
2023-11-27 03:51:56,134 [WARN] DbBoards:127 - board STEVAL-IDP005V2 has no document id list !
2023-11-27 03:51:56,134 [WARN] DbBoards:127 - board STEVAL-MKSBOX1V1 has no document id list !
2023-11-27 03:51:56,134 [WARN] DbBoards:127 - board STEVAL-STWINKT1 has no document id list !
2023-11-27 03:51:56,134 [WARN] DbBoards:127 - board STEVAL-STWINKT1B has no document id list !
2023-11-27 03:51:56,134 [WARN] DbBoards:127 - board STM32439I-EVAL2 has no document id list !
2023-11-27 03:51:56,134 [WARN] DbBoards:127 - board STM32F401C-DISCO has no document id list !
2023-11-27 03:51:56,134 [WARN] DbBoards:127 - board STM32F769I-DISC1 has no document id list !
2023-11-27 03:51:56,134 [WARN] DbBoards:127 - board STM32G474E-EVAL1 has no document id list !
2023-11-27 03:51:56,134 [WARN] DbBoards:127 - board STM32H743I-EVAL2 has no document id list !
2023-11-27 03:51:56,134 [WARN] DbBoards:127 - board STM32H747I-DISC1 has no document id list !
2023-11-27 03:51:56,134 [WARN] DbBoards:127 - board STM32H753I-EVAL2 has no document id list !
2023-11-27 03:51:56,134 [WARN] DbBoards:127 - board STM32L-DISCOVERY has no document id list !
2023-11-27 03:51:56,368 [ERROR] DbBoards:189 - Image file not found for board B-U585I-IOT02A: D:\STM32CubeIDE_1.7.0\STM32CubeIDE\plugins\com.st.stm32cube.common.mx_6.3.0.202107141111\\db\/plugins/mcufinder/images/boards/B-U585I-IOT02A_small.jpg
2023-11-27 03:51:56,525 [ERROR] DbBoards:189 - Image file not found for board NUCLEO-F413ZH: D:\STM32CubeIDE_1.7.0\STM32CubeIDE\plugins\com.st.stm32cube.common.mx_6.3.0.202107141111\\db\/plugins/mcufinder/images/boards/nucleo-f413zh_small.jpg
2023-11-27 03:51:56,743 [ERROR] DbBoards:189 - Image file not found for board NUCLEO-L552ZE-Q: D:\STM32CubeIDE_1.7.0\STM32CubeIDE\plugins\com.st.stm32cube.common.mx_6.3.0.202107141111\\db\/plugins/mcufinder/images/boards/nucleo_l552ze_q_small.jpg
2023-11-27 03:51:56,743 [ERROR] DbBoards:189 - Image file not found for board NUCLEO-U575ZI-Q: D:\STM32CubeIDE_1.7.0\STM32CubeIDE\plugins\com.st.stm32cube.common.mx_6.3.0.202107141111\\db\/plugins/mcufinder/images/boards/nucleo-u575zi-q_small.jpg
2023-11-27 03:51:56,743 [ERROR] DbBoards:189 - Image file not found for board NUCLEO-WB15CC: D:\STM32CubeIDE_1.7.0\STM32CubeIDE\plugins\com.st.stm32cube.common.mx_6.3.0.202107141111\\db\/plugins/mcufinder/images/boards/nucleo-wb15cc_small.jpg
2023-11-27 03:51:56,743 [ERROR] DbBoards:189 - Image file not found for board NUCLEO-WB55RG: D:\STM32CubeIDE_1.7.0\STM32CubeIDE\plugins\com.st.stm32cube.common.mx_6.3.0.202107141111\\db\/plugins/mcufinder/images/boards/nucleo-wb55rg_small.jpg
2023-11-27 03:51:56,915 [ERROR] Engine:463 - C:\Users\vtanc\.stm32cubemx\thirdparties\pdsc\STMicroelectronics.X-CUBE-SMBUS.2.1.0.pdsc: PDSC version is not supported
2023-11-27 03:51:56,962 [WARN] PackLoader:238 - Cannot read IP mode file for STMicroelectronics.X-CUBE-AZRTOS-F7.1.1.0
2023-11-27 03:51:56,978 [ERROR] Engine:463 - C:\Users\vtanc\.stm32cubemx\thirdparties\pdsc\STMicroelectronics.FP-SNS-MOTENV1.4.3.2.pdsc: PDSC version is not supported
2023-11-27 03:51:56,993 [ERROR] Engine:463 - C:\Users\vtanc\.stm32cubemx\thirdparties\pdsc\STMicroelectronics.FP-SNS-FLIGHT1.5.0.2.pdsc: PDSC version is not supported
2023-11-27 03:51:57,040 [ERROR] Engine:463 - C:\Users\vtanc\.stm32cubemx\thirdparties\pdsc\STMicroelectronics.X-CUBE-DISPLAY.3.0.0.pdsc: PDSC version is not supported
2023-11-27 03:51:57,071 [WARN] PackLoader:238 - Cannot read IP mode file for STMicroelectronics.X-CUBE-BLE1.7.0.0
2023-11-27 03:51:57,118 [ERROR] Engine:463 - C:\Users\vtanc\.stm32cubemx\thirdparties\pdsc\emotas.I-CUBE-CANOPEN.1.3.0.pdsc: PDSC version is not supported
2023-11-27 03:51:57,134 [WARN] PackLoader:238 - Cannot read IP mode file for STMicroelectronics.X-CUBE-TOUCHGFX.4.22.0
2023-11-27 03:51:57,134 [WARN] PackLoader:238 - Cannot read IP mode file for STMicroelectronics.X-CUBE-TOUCHGFX.4.22.1
2023-11-27 03:51:57,150 [ERROR] Engine:463 - C:\Users\vtanc\.stm32cubemx\thirdparties\pdsc\STMicroelectronics.FP-SNS-SMARTAG2.1.2.0.pdsc: PDSC version is not supported
2023-11-27 03:51:57,181 [INFO] LogOutputStream:76 - [STDOUT_REDIRECT] 1 : Invalid condition id : UX_CORESTACK_Condition cause : null
2023-11-27 03:51:57,181 [INFO] LogOutputStream:76 - [STDOUT_REDIRECT] 1 : Invalid condition id : UX_CORESTACK_Condition cause : null
2023-11-27 03:51:57,181 [INFO] LogOutputStream:76 - [STDOUT_REDIRECT] 1 : Invalid condition id : UX_CORESTACK_Condition cause : null
2023-11-27 03:51:57,181 [INFO] LogOutputStream:76 - [STDOUT_REDIRECT] 1 : Invalid condition id : UX_CORESTACK_Condition cause : null
2023-11-27 03:51:57,181 [INFO] LogOutputStream:76 - [STDOUT_REDIRECT] 1 : Invalid condition id : UX_CORESTACK_Condition cause : null
2023-11-27 03:51:57,196 [WARN] PackLoader:238 - Cannot read IP mode file for STMicroelectronics.X-CUBE-AZRTOS-WL.2.0.0
2023-11-27 03:51:57,212 [WARN] PackLoader:238 - Cannot read IP mode file for WES.I-CUBE-Cesium.1.3.0
2023-11-27 03:51:57,243 [WARN] PackLoader:238 - Cannot read IP mode file for STMicroelectronics.X-CUBE-BLE2.3.3.0
2023-11-27 03:51:57,259 [WARN] PackLoader:238 - Cannot read IP mode file for STMicroelectronics.X-CUBE-ALGOBUILD.1.3.0
2023-11-27 03:51:57,306 [WARN] PackLoader:238 - Cannot read IP mode file for STMicroelectronics.X-CUBE-AZRTOS-G0.1.1.0
2023-11-27 03:51:57,368 [WARN] PackLoader:238 - Cannot read IP mode file for STMicroelectronics.X-CUBE-NFC4.3.0.0
2023-11-27 03:51:57,368 [ERROR] Engine:463 - C:\Users\vtanc\.stm32cubemx\thirdparties\pdsc\STMicroelectronics.X-CUBE-BLEMGR.3.0.0.pdsc: PDSC version is not supported
2023-11-27 03:51:57,384 [WARN] PackLoader:238 - Cannot read IP mode file for STMicroelectronics.FP-ATR-SIGFOX1.3.2.0
2023-11-27 03:51:57,431 [WARN] PackLoader:238 - Cannot read IP mode file for SEGGER.I-CUBE-embOS.1.3.1
2023-11-27 03:51:57,493 [WARN] PackLoader:238 - Cannot read IP mode file for STMicroelectronics.X-CUBE-GNSS1.6.0.0
2023-11-27 03:51:57,540 [WARN] PackLoader:238 - Cannot read IP mode file for STMicroelectronics.X-CUBE-AZRTOS-F4.1.1.0
2023-11-27 03:51:57,571 [WARN] PackLoader:238 - Cannot read IP mode file for wolfSSL.I-CUBE-wolfSSL.5.6.3
2023-11-27 03:51:57,602 [WARN] PackLoader:238 - Cannot read IP mode file for STMicroelectronics.X-CUBE-AZRTOS-L5.2.0.0
2023-11-27 03:51:57,665 [WARN] PackLoader:238 - Cannot read IP mode file for STMicroelectronics.X-CUBE-MEMS1.9.6.0
2023-11-27 03:51:57,837 [WARN] PackLoader:238 - Cannot read IP mode file for STMicroelectronics.X-CUBE-EEPRMA1.4.2.0
2023-11-27 03:51:57,837 [ERROR] Engine:463 - C:\Users\vtanc\.stm32cubemx\thirdparties\pdsc\ITTIA_DB.I-CUBE-ITTIADB.8.8.0.pdsc: PDSC version is not supported
2023-11-27 03:51:57,884 [WARN] PackLoader:238 - Cannot read IP mode file for STMicroelectronics.X-CUBE-BLEMGR.2.0.0
2023-11-27 03:51:57,930 [WARN] ConditionMgr:437 - getConditionDescription Invalid condition id : UX DEVICE CLASS RTOS Condition cause : null
2023-11-27 03:51:57,930 [WARN] ConditionMgr:437 - getConditionDescription Invalid condition id : UX DEVICE CLASS RTOS Condition cause : null
2023-11-27 03:51:57,946 [WARN] PackLoader:238 - Cannot read IP mode file for STMicroelectronics.X-CUBE-AZRTOS-H7.3.1.0
2023-11-27 03:51:57,946 [WARN] ConditionMgr:1038 - genDependencies : Invalid condition id : UX DEVICE CLASS RTOS Condition cause : null
2023-11-27 03:51:57,946 [WARN] ConditionMgr:1038 - genDependencies : Invalid condition id : UX DEVICE CLASS RTOS Condition cause : null
2023-11-27 03:51:57,946 [WARN] ConditionMgr:1038 - genDependencies : Invalid condition id : UX DEVICE CLASS RTOS Condition cause : null
2023-11-27 03:51:57,946 [WARN] ConditionMgr:1038 - genDependencies : Invalid condition id : UX DEVICE CLASS RTOS Condition cause : null
2023-11-27 03:51:57,946 [WARN] ConditionMgr:1038 - genDependencies : Invalid condition id : UX DEVICE CLASS RTOS Condition cause : null
2023-11-27 03:51:58,024 [WARN] PackLoader:238 - Cannot read IP mode file for STMicroelectronics.X-CUBE-NFC7.1.0.1
2023-11-27 03:51:58,055 [WARN] PackLoader:238 - Cannot read IP mode file for STMicroelectronics.X-CUBE-NFC6.3.0.0
2023-11-27 03:51:58,118 [WARN] PackLoader:238 - Cannot read IP mode file for STMicroelectronics.X-CUBE-EEPRMA1.4.1.0
2023-11-27 03:51:58,149 [WARN] PackLoader:238 - Cannot read IP mode file for STMicroelectronics.X-CUBE-AI.8.1.0
2023-11-27 03:51:58,196 [WARN] ConditionMgr:437 - getConditionDescription Invalid condition id : LAN8742 Phy interface Condition cause : null
2023-11-27 03:51:58,196 [WARN] PackLoader:238 - Cannot read IP mode file for STMicroelectronics.X-CUBE-AZRTOS-L4.2.0.0
2023-11-27 03:51:58,196 [WARN] ConditionMgr:1038 - genDependencies : Invalid condition id : LAN8742 Phy interface Condition cause : null
2023-11-27 03:51:58,196 [WARN] ConditionMgr:1038 - genDependencies : Invalid condition id : LAN8742 Phy interface Condition cause : null
2023-11-27 03:51:58,196 [WARN] ConditionMgr:1038 - genDependencies : Invalid condition id : LAN8742 Phy interface Condition cause : null
2023-11-27 03:51:58,212 [WARN] PackLoader:238 - Cannot read IP mode file for STMicroelectronics.X-CUBE-SFXS2LP1.4.0.0
2023-11-27 03:51:58,227 [WARN] PackLoader:238 - Cannot read IP mode file for STMicroelectronics.X-CUBE-ISPU.1.1.0
2023-11-27 03:51:58,305 [WARN] ConditionMgr:437 - getConditionDescription Invalid condition id : UX DEVICE CLASS RTOS Condition cause : null
2023-11-27 03:51:58,305 [WARN] ConditionMgr:437 - getConditionDescription Invalid condition id : UX DEVICE CLASS RTOS Condition cause : null
2023-11-27 03:51:58,305 [WARN] PackLoader:238 - Cannot read IP mode file for STMicroelectronics.X-CUBE-AZRTOS-WB.2.0.0
2023-11-27 03:51:58,305 [WARN] ConditionMgr:1038 - genDependencies : Invalid condition id : UX DEVICE CLASS RTOS Condition cause : null
2023-11-27 03:51:58,305 [WARN] ConditionMgr:1038 - genDependencies : Invalid condition id : UX DEVICE CLASS RTOS Condition cause : null
2023-11-27 03:51:58,305 [WARN] ConditionMgr:1038 - genDependencies : Invalid condition id : UX DEVICE CLASS RTOS Condition cause : null
2023-11-27 03:51:58,305 [WARN] ConditionMgr:1038 - genDependencies : Invalid condition id : UX DEVICE CLASS RTOS Condition cause : null
2023-11-27 03:51:58,305 [WARN] ConditionMgr:1038 - genDependencies : Invalid condition id : UX DEVICE CLASS RTOS Condition cause : null
2023-11-27 03:51:58,337 [WARN] PackLoader:238 - Cannot read IP mode file for STMicroelectronics.X-CUBE-SUBG2.5.0.0
2023-11-27 03:51:58,368 [ERROR] Engine:463 - C:\Users\vtanc\.stm32cubemx\thirdparties\pdsc\STMicroelectronics.X-CUBE-TOF1.3.3.1.pdsc: PDSC version is not supported
2023-11-27 03:51:58,430 [WARN] PackLoader:238 - Cannot read IP mode file for STMicroelectronics.X-CUBE-AZRTOS-G4.2.0.0
2023-11-27 03:51:58,430 [ERROR] Engine:463 - C:\Users\vtanc\.stm32cubemx\thirdparties\pdsc\Infineon.AIROC-Wi-Fi-Bluetooth-STM32.1.5.1.pdsc: PDSC version is not supported
2023-11-27 03:51:58,430 [ERROR] Engine:463 - C:\Users\vtanc\.stm32cubemx\thirdparties\pdsc\STMicroelectronics.FP-SNS-MOTENVWB1.1.3.0.pdsc: PDSC version is not supported
2023-11-27 03:51:58,477 [WARN] PackLoader:238 - Cannot read IP mode file for STMicroelectronics.X-CUBE-MEMS1.10.0.0
2023-11-27 03:51:58,633 [ERROR] Engine:463 - C:\Users\vtanc\.stm32cubemx\thirdparties\pdsc\STMicroelectronics.X-CUBE-FREERTOS.1.1.0.pdsc: PDSC version is not supported
2023-11-27 03:51:58,649 [WARN] PackLoader:238 - Cannot read IP mode file for portGmbH.I-Cube-SoM-uGOAL.1.1.0
2023-11-27 03:51:58,665 [WARN] PackLoader:238 - Cannot read IP mode file for STMicroelectronics.X-CUBE-ALS.1.0.1
2023-11-27 03:51:58,681 [WARN] PackLoader:238 - Cannot read IP mode file for STMicroelectronics.FP-ATR-ASTRA1.2.0.0
2023-11-27 03:51:58,696 [ERROR] Engine:463 - C:\Users\vtanc\.stm32cubemx\thirdparties\pdsc\STMicroelectronics.X-CUBE-TOF1.3.4.0.pdsc: PDSC version is not supported
2023-11-27 03:51:58,696 [INFO] ThirdParty:915 - Integrity check success = true
2023-11-27 03:51:58,696 [INFO] IntegrityCheckThread:94 - exiting critical section [integrity check]
2023-11-27 03:51:58,696 [INFO] IntegrityCheckThread:97 - End integrity checks thread
2023-11-27 03:51:58,946 [INFO] ApiDb:251 - Load user favorites file C:\Users\vtanc/.stm32cubeide/favorites.boards.txt: 0 item(s)
2023-11-27 03:51:58,946 [INFO] ApiDb:255 - User favorites Boards=[]
2023-11-27 03:51:58,946 [INFO] DbBoards:206 - Set 0 / 0 favorites Boards
2023-11-27 03:52:16,258 [INFO] DbMcusDocs:143 - JSON generation date=Tue Nov 16 23:17:54 ICT 2021 (1637079474)
2023-11-27 03:52:16,790 [INFO] DbMcusDocs:79 - Found 682 MCUs documents
2023-11-27 03:52:49,480 [INFO] MainUpdater:2671 - connection check result : 10
2023-11-27 03:52:49,480 [INFO] MainUpdater:2671 - connection check result : 10
2023-11-27 03:52:49,621 [INFO] MicroXplorer:448 - Change Database Path : 
2023-11-27 03:52:49,621 [INFO] MicroXplorer:478 - Change Database Version : DB.6.0.30
2023-11-27 03:52:49,621 [WARN] ThirdParty:813 - waiting for thirdparty lock release [close project]
2023-11-27 03:52:49,621 [INFO] ThirdParty:815 - entering critical section [close project]
2023-11-27 03:52:49,621 [INFO] ThirdParty:825 - exiting critical section [close project]
2023-11-27 03:52:49,636 [INFO] PinOutPanel:1463 - setPackage(No Configuration,No Configuration)
2023-11-27 03:52:49,636 [INFO] UtilMem:74 - Begin LoadConfig() Used Memory: 543346616 Bytes (1071644672)
2023-11-27 03:52:49,636 [INFO] MicroXplorer:448 - Change Database Path : 
2023-11-27 03:52:49,636 [INFO] MicroXplorer:478 - Change Database Version : DB.6.0.30
2023-11-27 03:52:49,636 [INFO] OpenFileManager:313 - Change cursor
2023-11-27 03:52:51,485 [INFO] Context:592 - Trying to add GPIOservice into a context  which must be forbidden
2023-11-27 03:52:51,751 [INFO] ImportTextPane:167 - (OptionalMessage_ERROR) Unable to find key (Mcu.ThirdPartyNb) in loaded IOC file
2023-11-27 03:52:51,751 [INFO] ImportTextPane:167 - (OptionalMessage_ERROR) Unable to find key (Mcu.PinsNb) in loaded IOC file
2023-11-27 03:52:51,751 [INFO] ImportTextPane:167 - (OptionalMessage_ERROR) Unable to find key (Mcu.IPNb) in loaded IOC file
2023-11-27 03:52:51,829 [WARN] ApiManager:304 - Cannot register API 'Board Extension:GNSS1A1' from pack STMicroelectronics.X-CUBE-GNSS1.6.0.0: no header file found
2023-11-27 03:52:51,829 [WARN] ApiManager:304 - Cannot register API 'Board Support:Custom' from pack STMicroelectronics.X-CUBE-GNSS1.6.0.0: no header file found
2023-11-27 03:52:51,829 [WARN] ApiManager:304 - Cannot register API 'Data Exchange:lib_gnss' from pack STMicroelectronics.X-CUBE-GNSS1.6.0.0: no header file found
2023-11-27 03:52:52,047 [WARN] ApiManager:304 - Cannot register API 'Board Extension:IKS01A3' from pack STMicroelectronics.X-CUBE-MEMS1.9.6.0: no header file found
2023-11-27 03:52:52,047 [WARN] ApiManager:304 - Cannot register API 'Board Extension:IKS01A2' from pack STMicroelectronics.X-CUBE-MEMS1.9.6.0: no header file found
2023-11-27 03:52:52,047 [WARN] ApiManager:304 - Cannot register API 'Board Extension:IKS02A1' from pack STMicroelectronics.X-CUBE-MEMS1.9.6.0: no header file found
2023-11-27 03:52:52,047 [WARN] ApiManager:304 - Cannot register API 'Board Extension:EEPRMA2' from pack STMicroelectronics.X-CUBE-EEPRMA1.4.2.0: no header file found
2023-11-27 03:52:52,047 [WARN] ApiManager:304 - Cannot register API 'Board Extension:PGEEZ1' from pack STMicroelectronics.X-CUBE-EEPRMA1.4.2.0: no header file found
2023-11-27 03:52:52,047 [WARN] ApiManager:304 - Cannot register API 'Board Part:M24' from pack STMicroelectronics.X-CUBE-EEPRMA1.4.2.0: no header file found
2023-11-27 03:52:52,047 [WARN] ApiManager:304 - Cannot register API 'Board Part:M95' from pack STMicroelectronics.X-CUBE-EEPRMA1.4.2.0: no header file found
2023-11-27 03:52:52,047 [WARN] ApiManager:304 - Cannot register API 'Board Part:M95P32' from pack STMicroelectronics.X-CUBE-EEPRMA1.4.2.0: no header file found
2023-11-27 03:52:52,047 [WARN] ApiManager:304 - Cannot register API 'PGEEZ1:SPI' from pack STMicroelectronics.X-CUBE-EEPRMA1.4.2.0: no header file found
2023-11-27 03:52:52,047 [WARN] ApiManager:304 - Cannot register API 'PGEEZ1:QDSPI' from pack STMicroelectronics.X-CUBE-EEPRMA1.4.2.0: no header file found
2023-11-27 03:52:52,063 [INFO] RtosManager:484 - Registered RTOS mode: class=CMSIS, group=RTOS, mode=CMSIS_V1, owner=FREERTOS
2023-11-27 03:52:52,063 [INFO] RtosManager:484 - Registered RTOS mode: class=CMSIS, group=RTOS2, mode=CMSIS_V2, owner=FREERTOS
2023-11-27 03:52:52,063 [INFO] RtosManager:484 - Registered RTOS mode: class=RTOS, group=Core, mode=CMSIS_V1, owner=FREERTOS
2023-11-27 03:52:52,063 [INFO] RtosManager:484 - Registered RTOS mode: class=RTOS, group=Core, mode=CMSIS_V2, owner=FREERTOS
2023-11-27 03:52:52,063 [WARN] ModelIntegratedComponent:181 - Missing modes for component STMicroelectronics:FreeRTOS:0.0.1:STMicroelectronics:RTOS:FreeRTOS:Core:::10.2.0:
2023-11-27 03:52:52,063 [WARN] ApiManager:304 - Cannot register API 'Board Extension:NFC04A1' from pack STMicroelectronics.X-CUBE-NFC4.3.0.0: no header file found
2023-11-27 03:52:52,063 [WARN] ApiManager:304 - Cannot register API 'Board Extension:S2868A1' from pack STMicroelectronics.X-CUBE-SUBG2.5.0.0: no header file found
2023-11-27 03:52:52,063 [WARN] ApiManager:304 - Cannot register API 'Board Extension:S2868A2' from pack STMicroelectronics.X-CUBE-SUBG2.5.0.0: no header file found
2023-11-27 03:52:52,063 [WARN] ApiManager:304 - Cannot register API 'Board Extension:S2915A1' from pack STMicroelectronics.X-CUBE-SUBG2.5.0.0: no header file found
2023-11-27 03:52:52,063 [WARN] ApiManager:304 - Cannot register API 'Wireless:BlueNRG-MS' from pack STMicroelectronics.X-CUBE-BLE1.7.0.0: no header file found
2023-11-27 03:52:52,063 [WARN] ModelIntegratedComponent:60 - No mode defined for component null
2023-11-27 03:52:52,063 [WARN] ModelIntegratedComponent:60 - No mode defined for component null
2023-11-27 03:52:52,063 [WARN] ModelIntegratedComponent:60 - No mode defined for component null
2023-11-27 03:52:52,063 [WARN] ModelIntegratedComponent:60 - No mode defined for component null
2023-11-27 03:52:52,063 [WARN] ModelIntegratedComponent:60 - No mode defined for component null
2023-11-27 03:52:52,063 [WARN] ModelIntegratedComponent:60 - No mode defined for component null
2023-11-27 03:52:52,063 [WARN] ModelIntegratedComponent:60 - No mode defined for component null
2023-11-27 03:52:52,063 [WARN] ModelIntegratedComponent:60 - No mode defined for component null
2023-11-27 03:52:52,063 [WARN] ModelIntegratedComponent:60 - No mode defined for component null
2023-11-27 03:52:52,063 [WARN] ModelIntegratedComponent:60 - No mode defined for component null
2023-11-27 03:52:52,063 [WARN] ModelIntegratedComponent:60 - No mode defined for component null
2023-11-27 03:52:52,063 [WARN] ModelIntegratedComponent:60 - No mode defined for component null
2023-11-27 03:52:52,063 [WARN] ModelIntegratedComponent:60 - No mode defined for component null
2023-11-27 03:52:52,063 [WARN] ModelIntegratedComponent:60 - No mode defined for component null
2023-11-27 03:52:52,063 [WARN] ModelIntegratedComponent:60 - No mode defined for component null
2023-11-27 03:52:52,063 [WARN] ModelIntegratedComponent:60 - No mode defined for component null
2023-11-27 03:52:52,063 [WARN] ModelIntegratedComponent:60 - No mode defined for component null
2023-11-27 03:52:52,063 [WARN] ModelIntegratedComponent:60 - No mode defined for component null
2023-11-27 03:52:52,063 [WARN] ModelIntegratedComponent:60 - No mode defined for component null
2023-11-27 03:52:52,063 [WARN] ModelIntegratedComponent:60 - No mode defined for component null
2023-11-27 03:52:52,063 [WARN] ModelIntegratedComponent:60 - No mode defined for component null
2023-11-27 03:52:52,063 [WARN] ModelIntegratedComponent:60 - No mode defined for component null
2023-11-27 03:52:52,063 [WARN] ModelIntegratedComponent:60 - No mode defined for component null
2023-11-27 03:52:52,063 [WARN] ModelIntegratedComponent:60 - No mode defined for component null
2023-11-27 03:52:52,063 [WARN] ModelIntegratedComponent:60 - No mode defined for component null
2023-11-27 03:52:52,063 [WARN] ModelIntegratedComponent:60 - No mode defined for component null
2023-11-27 03:52:52,063 [WARN] ModelIntegratedComponent:60 - No mode defined for component null
2023-11-27 03:52:52,063 [WARN] ModelIntegratedComponent:60 - No mode defined for component null
2023-11-27 03:52:52,063 [WARN] ModelIntegratedComponent:60 - No mode defined for component null
2023-11-27 03:52:52,063 [WARN] ModelIntegratedComponent:60 - No mode defined for component null
2023-11-27 03:52:52,063 [WARN] ModelIntegratedComponent:60 - No mode defined for component null
2023-11-27 03:52:52,251 [WARN] ApiManager:304 - Cannot register API 'Board Extension:IKS01A3' from pack STMicroelectronics.X-CUBE-MEMS1.10.0.0: no header file found
2023-11-27 03:52:52,251 [WARN] ApiManager:304 - Cannot register API 'Board Extension:IKS02A1' from pack STMicroelectronics.X-CUBE-MEMS1.10.0.0: no header file found
2023-11-27 03:52:52,251 [WARN] ApiManager:304 - Cannot register API 'Board Extension:IKS4A1' from pack STMicroelectronics.X-CUBE-MEMS1.10.0.0: no header file found
2023-11-27 03:52:52,266 [WARN] ApiManager:304 - Cannot register API 'Board Extension:NFC07A1' from pack STMicroelectronics.X-CUBE-NFC7.1.0.1: no header file found
2023-11-27 03:52:52,266 [WARN] ApiManager:304 - Cannot register API 'Board Extension:NFC06A1' from pack STMicroelectronics.X-CUBE-NFC6.3.0.0: no header file found
2023-11-27 03:52:52,266 [WARN] ApiManager:304 - Cannot register API 'Board Extension:NFC08A1' from pack STMicroelectronics.X-CUBE-NFC6.3.0.0: no header file found
2023-11-27 03:52:52,266 [WARN] ApiManager:304 - Cannot register API 'Board Extension:EEPRMA1' from pack STMicroelectronics.X-CUBE-EEPRMA1.4.1.0: no header file found
2023-11-27 03:52:52,266 [WARN] ApiManager:304 - Cannot register API 'Board Extension:EEPRMA2' from pack STMicroelectronics.X-CUBE-EEPRMA1.4.1.0: no header file found
2023-11-27 03:52:52,266 [WARN] ApiManager:304 - Cannot register API 'Board Extension:PGEEZ1' from pack STMicroelectronics.X-CUBE-EEPRMA1.4.1.0: no header file found
2023-11-27 03:52:52,266 [WARN] ApiManager:304 - Cannot register API 'Board Part:M24' from pack STMicroelectronics.X-CUBE-EEPRMA1.4.1.0: no header file found
2023-11-27 03:52:52,266 [WARN] ApiManager:304 - Cannot register API 'Board Part:M95' from pack STMicroelectronics.X-CUBE-EEPRMA1.4.1.0: no header file found
2023-11-27 03:52:52,266 [WARN] ApiManager:304 - Cannot register API 'Board Part:M95P32' from pack STMicroelectronics.X-CUBE-EEPRMA1.4.1.0: no header file found
2023-11-27 03:52:52,266 [WARN] ApiManager:304 - Cannot register API 'PGEEZ1:SPI' from pack STMicroelectronics.X-CUBE-EEPRMA1.4.1.0: no header file found
2023-11-27 03:52:52,266 [WARN] ApiManager:304 - Cannot register API 'PGEEZ1:QDSPI' from pack STMicroelectronics.X-CUBE-EEPRMA1.4.1.0: no header file found
2023-11-27 03:52:52,266 [WARN] ApiManager:304 - Cannot register API 'Board Extension:S2868A1' from pack STMicroelectronics.X-CUBE-SFXS2LP1.4.0.0: no header file found
2023-11-27 03:52:52,266 [WARN] ApiManager:304 - Cannot register API 'Board Extension:S2868A2' from pack STMicroelectronics.X-CUBE-SFXS2LP1.4.0.0: no header file found
2023-11-27 03:52:52,266 [WARN] ApiManager:304 - Cannot register API 'Board Extension:S2915A1' from pack STMicroelectronics.X-CUBE-SFXS2LP1.4.0.0: no header file found
2023-11-27 03:52:52,266 [WARN] ApiManager:304 - Cannot register API 'Wireless:BlueNRG-2' from pack STMicroelectronics.X-CUBE-BLE2.3.3.0: no header file found
2023-11-27 03:52:55,000 [INFO] UtilMem:74 - End LoadConfig() Used Memory: 479019280 Bytes (1071644672)
2023-11-27 03:52:55,047 [WARN] ThirdParty:779 - waiting for thirdparty lock release [change project]
2023-11-27 03:52:55,047 [INFO] ThirdParty:781 - entering critical section [change project]
2023-11-27 03:52:55,047 [INFO] ThirdParty:967 - CMSIS Pack Vendor :STMicroelectronics X-CUBE-ISPU 1.1.0
2023-11-27 03:52:55,047 [INFO] ThirdParty:967 - CMSIS Pack Vendor :STMicroelectronics X-CUBE-GNSS1 6.0.0
2023-11-27 03:52:55,047 [INFO] ThirdParty:967 - CMSIS Pack Vendor :STMicroelectronics USB_HOST 2.0.0
2023-11-27 03:52:55,047 [INFO] ThirdParty:967 - CMSIS Pack Vendor :STMicroelectronics X-CUBE-AZRTOS-F4 1.1.0
2023-11-27 03:52:55,047 [INFO] ThirdParty:967 - CMSIS Pack Vendor :wolfSSL I-CUBE-wolfSSL 5.6.3
2023-11-27 03:52:55,047 [INFO] ThirdParty:967 - CMSIS Pack Vendor :STMicroelectronics USB_DEVICE 3.0.0
2023-11-27 03:52:55,047 [INFO] ThirdParty:967 - CMSIS Pack Vendor :STMicroelectronics X-CUBE-AZRTOS-WB 2.0.0
2023-11-27 03:52:55,047 [INFO] ThirdParty:967 - CMSIS Pack Vendor :STMicroelectronics X-CUBE-AZRTOS-F7 1.1.0
2023-11-27 03:52:55,047 [INFO] ThirdParty:967 - CMSIS Pack Vendor :STMicroelectronics X-CUBE-AZRTOS-L5 2.0.0
2023-11-27 03:52:55,047 [INFO] ThirdParty:967 - CMSIS Pack Vendor :STMicroelectronics USB_DEVICE 2.0.0
2023-11-27 03:52:55,047 [INFO] ThirdParty:967 - CMSIS Pack Vendor :STMicroelectronics X-CUBE-MEMS1 9.6.0
2023-11-27 03:52:55,047 [INFO] ThirdParty:967 - CMSIS Pack Vendor :STMicroelectronics X-CUBE-EEPRMA1 4.2.0
2023-11-27 03:52:55,047 [INFO] ThirdParty:967 - CMSIS Pack Vendor :STMicroelectronics X-CUBE-ALGOBUILD 1.3.0
2023-11-27 03:52:55,047 [INFO] ThirdParty:967 - CMSIS Pack Vendor :STMicroelectronics FreeRTOS 0.0.1
2023-11-27 03:52:55,047 [INFO] ThirdParty:967 - CMSIS Pack Vendor :STMicroelectronics X-CUBE-AZRTOS-G0 1.1.0
2023-11-27 03:52:55,047 [INFO] ThirdParty:967 - CMSIS Pack Vendor :STMicroelectronics X-CUBE-BLEMGR 2.0.0
2023-11-27 03:52:55,047 [INFO] ThirdParty:967 - CMSIS Pack Vendor :STMicroelectronics X-CUBE-NFC4 3.0.0
2023-11-27 03:52:55,047 [INFO] ThirdParty:967 - CMSIS Pack Vendor :STMicroelectronics X-CUBE-SUBG2 5.0.0
2023-11-27 03:52:55,047 [INFO] ThirdParty:967 - CMSIS Pack Vendor :STMicroelectronics lwIP 2.0.3
2023-11-27 03:52:55,047 [INFO] ThirdParty:967 - CMSIS Pack Vendor :STMicroelectronics USB_HOST 1.0.0
2023-11-27 03:52:55,047 [INFO] ThirdParty:967 - CMSIS Pack Vendor :STMicroelectronics X-CUBE-AZRTOS-G4 2.0.0
2023-11-27 03:52:55,047 [INFO] ThirdParty:967 - CMSIS Pack Vendor :STMicroelectronics PDM2PCM 3.1.0
2023-11-27 03:52:55,047 [INFO] ThirdParty:967 - CMSIS Pack Vendor :STMicroelectronics X-CUBE-AZRTOS-H7 3.1.0
2023-11-27 03:52:55,047 [INFO] ThirdParty:967 - CMSIS Pack Vendor :STMicroelectronics PDM2PCM 3.3.0
2023-11-27 03:52:55,047 [INFO] ThirdParty:967 - CMSIS Pack Vendor :STMicroelectronics X-CUBE-BLE1 7.0.0
2023-11-27 03:52:55,047 [INFO] ThirdParty:967 - CMSIS Pack Vendor :STMicroelectronics FP-ATR-SIGFOX1 3.2.0
2023-11-27 03:52:55,047 [INFO] ThirdParty:967 - CMSIS Pack Vendor :STMicroelectronics HAL Drivers 0.0.0
2023-11-27 03:52:55,047 [INFO] ThirdParty:967 - CMSIS Pack Vendor :STMicroelectronics MBEDTLS 2.16.2
2023-11-27 03:52:55,047 [INFO] ThirdParty:967 - CMSIS Pack Vendor :STMicroelectronics X-CUBE-MEMS1 10.0.0
2023-11-27 03:52:55,047 [INFO] ThirdParty:967 - CMSIS Pack Vendor :STMicroelectronics X-CUBE-TOUCHGFX 4.22.0
2023-11-27 03:52:55,047 [INFO] ThirdParty:967 - CMSIS Pack Vendor :STMicroelectronics X-CUBE-NFC7 1.0.1
2023-11-27 03:52:55,047 [INFO] ThirdParty:967 - CMSIS Pack Vendor :STMicroelectronics MBEDTLS 2.14.1
2023-11-27 03:52:55,047 [INFO] ThirdParty:967 - CMSIS Pack Vendor :STMicroelectronics X-CUBE-TOUCHGFX 4.22.1
2023-11-27 03:52:55,047 [INFO] ThirdParty:967 - CMSIS Pack Vendor :STMicroelectronics X-CUBE-NFC6 3.0.0
2023-11-27 03:52:55,047 [INFO] ThirdParty:967 - CMSIS Pack Vendor :STMicroelectronics X-CUBE-EEPRMA1 4.1.0
2023-11-27 03:52:55,047 [INFO] ThirdParty:967 - CMSIS Pack Vendor :portGmbH I-Cube-SoM-uGOAL 1.1.0
2023-11-27 03:52:55,047 [INFO] ThirdParty:967 - CMSIS Pack Vendor :STMicroelectronics X-CUBE-ALS 1.0.1
2023-11-27 03:52:55,047 [INFO] ThirdParty:967 - CMSIS Pack Vendor :STMicroelectronics X-CUBE-AZRTOS-WL 2.0.0
2023-11-27 03:52:55,047 [INFO] ThirdParty:967 - CMSIS Pack Vendor :SEGGER I-CUBE-embOS 1.3.1
2023-11-27 03:52:55,047 [INFO] ThirdParty:967 - CMSIS Pack Vendor :STMicroelectronics USB_DEVICE 1.0.0
2023-11-27 03:52:55,047 [INFO] ThirdParty:967 - CMSIS Pack Vendor :STMicroelectronics X-CUBE-AI 8.1.0
2023-11-27 03:52:55,047 [INFO] ThirdParty:967 - CMSIS Pack Vendor :STMicroelectronics X-CUBE-AZRTOS-L4 2.0.0
2023-11-27 03:52:55,047 [INFO] ThirdParty:967 - CMSIS Pack Vendor :STMicroelectronics ThreadX 0.0.2
2023-11-27 03:52:55,047 [INFO] ThirdParty:967 - CMSIS Pack Vendor :WES I-CUBE-Cesium 1.3.0
2023-11-27 03:52:55,047 [INFO] ThirdParty:967 - CMSIS Pack Vendor :STMicroelectronics FP-ATR-ASTRA1 2.0.0
2023-11-27 03:52:55,047 [INFO] ThirdParty:967 - CMSIS Pack Vendor :STMicroelectronics lwIP 2.1.2
2023-11-27 03:52:55,047 [INFO] ThirdParty:967 - CMSIS Pack Vendor :STMicroelectronics X-CUBE-SFXS2LP1 4.0.0
2023-11-27 03:52:55,047 [INFO] ThirdParty:967 - CMSIS Pack Vendor :STMicroelectronics X-CUBE-BLE2 3.3.0
2023-11-27 03:52:55,047 [INFO] ThirdParty:967 - CMSIS Pack Vendor :STMicroelectronics PDM2PCM 3.2.0
2023-11-27 03:52:55,047 [INFO] ThirdParty:787 - exiting critical section [change project]
2023-11-27 03:52:55,359 [INFO] PinOutPanel:1463 - setPackage(No Configuration,No Configuration)
2023-11-27 03:52:55,359 [INFO] PinOutPanel:1463 - setPackage(STM32F103C6Ux,UFQFPN48)
2023-11-27 03:52:55,922 [INFO] UtilMem:74 - Before build in PCC Used Memory: 527483864 Bytes (1071644672)
2023-11-27 03:52:56,921 [INFO] UtilMem:74 - After build in PCC Used Memory: 736676824 Bytes (1071644672)
2023-11-27 03:52:56,953 [INFO] IPUIPlugin:74 - create IPUIPlugin
2023-11-27 03:52:56,953 [INFO] IPUIPlugin:74 - create IPUIPlugin
2023-11-27 03:52:56,953 [INFO] IPUIPlugin:74 - create IPUIPlugin
2023-11-27 03:52:56,953 [INFO] IPUIPlugin:74 - create IPUIPlugin
2023-11-27 03:52:56,953 [INFO] IPUIPlugin:74 - create IPUIPlugin
2023-11-27 03:52:56,953 [INFO] IPUIPlugin:74 - create IPUIPlugin
2023-11-27 03:52:56,953 [INFO] IPUIPlugin:74 - create IPUIPlugin
2023-11-27 03:52:56,953 [INFO] IPUIPlugin:74 - create IPUIPlugin
2023-11-27 03:52:56,953 [INFO] IPUIPlugin:74 - create IPUIPlugin
2023-11-27 03:52:56,953 [INFO] IPUIPlugin:74 - create IPUIPlugin
2023-11-27 03:52:56,953 [INFO] IPUIPlugin:74 - create IPUIPlugin
2023-11-27 03:52:56,953 [INFO] IPUIPlugin:74 - create IPUIPlugin
2023-11-27 03:52:56,953 [INFO] IPUIPlugin:74 - create IPUIPlugin
2023-11-27 03:52:56,953 [INFO] IPUIPlugin:74 - create IPUIPlugin
2023-11-27 03:52:56,953 [INFO] IPUIPlugin:74 - create IPUIPlugin
2023-11-27 03:52:56,953 [INFO] IPUIPlugin:74 - create IPUIPlugin
2023-11-27 03:52:56,953 [INFO] IPUIPlugin:74 - create IPUIPlugin
2023-11-27 03:52:56,953 [INFO] IPUIPlugin:74 - create IPUIPlugin
2023-11-27 03:52:56,953 [INFO] IPUIPlugin:74 - create IPUIPlugin
2023-11-27 03:52:56,953 [INFO] IPUIPlugin:74 - create IPUIPlugin
2023-11-27 03:52:56,953 [INFO] IPUIPlugin:74 - create IPUIPlugin
2023-11-27 03:52:56,953 [INFO] IPUIPlugin:74 - create IPUIPlugin
2023-11-27 03:52:56,953 [INFO] IPUIPlugin:74 - create IPUIPlugin
2023-11-27 03:52:57,202 [INFO] OpenFileManager:333 - Restore cursor
2023-11-27 03:52:57,593 [INFO] UtilMem:74 - End SaveConfig() Used Memory: 502652488 Bytes (1071644672)
2023-11-27 03:52:57,640 [INFO] UtilMem:74 - End SaveConfig() Used Memory: 522244392 Bytes (1071644672)
2023-11-27 03:52:58,124 [INFO] BlockDiagram:2740 - set Specific Code input for plugin: NVIC
2023-11-27 03:52:58,124 [INFO] BlockDiagram:2740 - set Specific Code input for plugin: SYS
2023-11-27 03:52:58,124 [INFO] BlockDiagram:2740 - set Specific Code input for plugin: RCC
2023-11-27 03:52:58,124 [INFO] CodeGenerator:663 - code generatio: config db path: D:\STM32CubeIDE_1.7.0\STM32CubeIDE\plugins\com.st.stm32cube.common.mx_6.3.0.202107141111\\db\
2023-11-27 03:52:59,821 [INFO] CodeEngine:239 - oldGeneratedFile, C:\Users\vtanc\Desktop\MCU-Lab4\Lab4\MXTmpFiles\license.tmp_save
2023-11-27 03:53:00,274 [INFO] CodeEngine:257 - Generated code: C:\Users\vtanc\Desktop\MCU-Lab4\Lab4\MXTmpFiles\license.tmp
2023-11-27 03:53:00,493 [INFO] CodeEngine:239 - oldGeneratedFile, C:\Users\vtanc\Desktop\MCU-Lab4\Lab4\Core\Src\stm32f1xx_it.c_save
2023-11-27 03:53:00,618 [INFO] CodeEngine:257 - Generated code: C:\Users\vtanc\Desktop\MCU-Lab4\Lab4\Core\Src\stm32f1xx_it.c
2023-11-27 03:53:00,649 [INFO] CodeEngine:239 - oldGeneratedFile, C:\Users\vtanc\Desktop\MCU-Lab4\Lab4\Core\Inc\stm32f1xx_it.h_save
2023-11-27 03:53:00,727 [INFO] CodeEngine:257 - Generated code: C:\Users\vtanc\Desktop\MCU-Lab4\Lab4\Core\Inc\stm32f1xx_it.h
2023-11-27 03:53:00,743 [INFO] CodeEngine:239 - oldGeneratedFile, C:\Users\vtanc\Desktop\MCU-Lab4\Lab4\Core\Src\stm32f1xx_hal_msp.c_save
2023-11-27 03:53:00,868 [INFO] CodeEngine:257 - Generated code: C:\Users\vtanc\Desktop\MCU-Lab4\Lab4\Core\Src\stm32f1xx_hal_msp.c
2023-11-27 03:53:00,884 [INFO] CodeEngine:239 - oldGeneratedFile, C:\Users\vtanc\Desktop\MCU-Lab4\Lab4\MXTmpFiles\system.tmp_save
2023-11-27 03:53:00,946 [INFO] CodeEngine:257 - Generated code: C:\Users\vtanc\Desktop\MCU-Lab4\Lab4\MXTmpFiles\system.tmp
2023-11-27 03:53:00,962 [INFO] CodeEngine:239 - oldGeneratedFile, C:\Users\vtanc\Desktop\MCU-Lab4\Lab4\Core\Inc\stm32f1xx_hal_conf.h_save
2023-11-27 03:53:01,055 [INFO] CodeEngine:257 - Generated code: C:\Users\vtanc\Desktop\MCU-Lab4\Lab4\Core\Inc\stm32f1xx_hal_conf.h
2023-11-27 03:53:01,118 [INFO] CodeEngine:239 - oldGeneratedFile, C:\Users\vtanc\Desktop\MCU-Lab4\Lab4\Core\Inc\main.h_save
2023-11-27 03:53:01,212 [INFO] CodeEngine:257 - Generated code: C:\Users\vtanc\Desktop\MCU-Lab4\Lab4\Core\Inc\main.h
2023-11-27 03:53:01,227 [INFO] CodeEngine:239 - oldGeneratedFile, C:\Users\vtanc\Desktop\MCU-Lab4\Lab4\Core\Src\main.c_save
2023-11-27 03:53:01,462 [INFO] CodeEngine:257 - Generated code: C:\Users\vtanc\Desktop\MCU-Lab4\Lab4\Core\Src\main.c
2023-11-27 03:53:03,478 [INFO] ProjectBuilder:2578 - Time for Copy HAL[1] : 735mS.
2023-11-27 03:53:03,478 [INFO] ProjectBuilder:3622 - Project Generator version: 3.14.1
2023-11-27 03:53:04,134 [INFO] ConfigFileManager:1271 - The Die is : DIE412
2023-11-27 03:53:04,446 [INFO] ApiDbMcu:468 - Load IP Config File for FATFS
2023-11-27 03:53:04,555 [INFO] ApiDbMcu:468 - Load IP Config File for FREERTOS
2023-11-27 03:53:04,618 [INFO] ApiDbMcu:468 - Load IP Config File for USB_DEVICE
2023-11-27 03:53:15,600 [INFO] ProjectBuilder:3789 - Time for Generating toolchain IDE Files: 12122mS.
2023-11-27 03:53:15,600 [INFO] ProjectBuilder:2457 - Time for Copy CMSIS : 0mS.
2023-11-27 03:53:15,600 [INFO] ProjectBuilder:2457 - Time for Copy CMSIS : 0mS.
2023-11-27 03:53:16,599 [INFO] McuFinderGlobals:52 - Set McuFinderConnectedMode to true
2023-11-27 03:53:16,599 [INFO] ApiDb:276 - Save user favorites file C:\Users\vtanc/.stm32cubeide/favorites.mcus.txt: 0 item(s)
2023-11-27 03:53:16,599 [INFO] ApiDb:280 - User favorites MCUs=[]
2023-11-27 04:04:04,942 [INFO] UtilMem:74 - End SaveConfig() Used Memory: 767637640 Bytes (1071644672)
2023-11-27 04:04:07,274 [INFO] UtilMem:74 - End SaveConfig() Used Memory: 790129560 Bytes (1071644672)
2023-11-27 04:08:22,786 [INFO] UtilMem:74 - End SaveConfig() Used Memory: 815322040 Bytes (1071644672)
2023-11-27 04:08:23,051 [INFO] BlockDiagram:2740 - set Specific Code input for plugin: NVIC
2023-11-27 04:08:23,051 [INFO] BlockDiagram:2740 - set Specific Code input for plugin: SYS
2023-11-27 04:08:23,051 [INFO] BlockDiagram:2740 - set Specific Code input for plugin: RCC
2023-11-27 04:08:23,051 [INFO] BlockDiagram:2740 - set Specific Code input for plugin: TIM1_8F1
2023-11-27 04:08:23,051 [INFO] CodeGenerator:663 - code generatio: config db path: D:\STM32CubeIDE_1.7.0\STM32CubeIDE\plugins\com.st.stm32cube.common.mx_6.3.0.202107141111\\db\
2023-11-27 04:08:23,473 [INFO] CodeEngine:239 - oldGeneratedFile, C:\Users\vtanc\Desktop\MCU-Lab4\Lab4\MXTmpFiles\license.tmp_save
2023-11-27 04:08:23,567 [INFO] CodeEngine:257 - Generated code: C:\Users\vtanc\Desktop\MCU-Lab4\Lab4\MXTmpFiles\license.tmp
2023-11-27 04:08:24,176 [INFO] CodeEngine:239 - oldGeneratedFile, C:\Users\vtanc\Desktop\MCU-Lab4\Lab4\Core\Src\stm32f1xx_it.c_save
2023-11-27 04:08:24,285 [INFO] CodeEngine:257 - Generated code: C:\Users\vtanc\Desktop\MCU-Lab4\Lab4\Core\Src\stm32f1xx_it.c
2023-11-27 04:08:24,301 [INFO] CodeEngine:239 - oldGeneratedFile, C:\Users\vtanc\Desktop\MCU-Lab4\Lab4\Core\Inc\stm32f1xx_it.h_save
2023-11-27 04:08:24,442 [INFO] CodeEngine:257 - Generated code: C:\Users\vtanc\Desktop\MCU-Lab4\Lab4\Core\Inc\stm32f1xx_it.h
2023-11-27 04:08:24,457 [INFO] CodeEngine:239 - oldGeneratedFile, C:\Users\vtanc\Desktop\MCU-Lab4\Lab4\Core\Src\stm32f1xx_hal_msp.c_save
2023-11-27 04:08:24,614 [INFO] CodeEngine:257 - Generated code: C:\Users\vtanc\Desktop\MCU-Lab4\Lab4\Core\Src\stm32f1xx_hal_msp.c
2023-11-27 04:08:24,614 [INFO] CodeEngine:239 - oldGeneratedFile, C:\Users\vtanc\Desktop\MCU-Lab4\Lab4\MXTmpFiles\system.tmp_save
2023-11-27 04:08:24,692 [INFO] CodeEngine:257 - Generated code: C:\Users\vtanc\Desktop\MCU-Lab4\Lab4\MXTmpFiles\system.tmp
2023-11-27 04:08:24,707 [INFO] CodeEngine:239 - oldGeneratedFile, C:\Users\vtanc\Desktop\MCU-Lab4\Lab4\Core\Inc\stm32f1xx_hal_conf.h_save
2023-11-27 04:08:24,848 [INFO] CodeEngine:257 - Generated code: C:\Users\vtanc\Desktop\MCU-Lab4\Lab4\Core\Inc\stm32f1xx_hal_conf.h
2023-11-27 04:08:24,864 [WARN] IPConfigManager:3148 - IP not found : TIM
2023-11-27 04:08:24,864 [WARN] CodeGenerator:3268 - IP not found : null
2023-11-27 04:08:24,879 [INFO] CodeEngine:239 - oldGeneratedFile, C:\Users\vtanc\Desktop\MCU-Lab4\Lab4\Core\Inc\main.h_save
2023-11-27 04:08:24,973 [INFO] CodeEngine:257 - Generated code: C:\Users\vtanc\Desktop\MCU-Lab4\Lab4\Core\Inc\main.h
2023-11-27 04:08:24,988 [INFO] CodeEngine:239 - oldGeneratedFile, C:\Users\vtanc\Desktop\MCU-Lab4\Lab4\Core\Src\main.c_save
2023-11-27 04:08:25,192 [INFO] CodeEngine:257 - Generated code: C:\Users\vtanc\Desktop\MCU-Lab4\Lab4\Core\Src\main.c
2023-11-27 04:08:26,581 [INFO] ProjectBuilder:2578 - Time for Copy HAL[1] : 159mS.
2023-11-27 04:08:26,597 [INFO] ProjectBuilder:3622 - Project Generator version: 3.14.1
2023-11-27 04:08:28,097 [INFO] ConfigFileManager:1271 - The Die is : DIE412
2023-11-27 04:08:32,163 [INFO] ProjectBuilder:3789 - Time for Generating toolchain IDE Files: 5566mS.
2023-11-27 04:08:32,163 [INFO] ProjectBuilder:2457 - Time for Copy CMSIS : 0mS.
2023-11-27 04:08:32,179 [INFO] ProjectBuilder:2457 - Time for Copy CMSIS : 16mS.
2023-11-27 05:43:43,995 [INFO] NvicIntPanel:96 - NVIC parent = com.st.microxplorer.plugins.ip.nvic.MultiNvicIntPanel[,0,0,450x131,layout=javax.swing.BoxLayout,alignmentX=0.0,alignmentY=0.0,border=,flags=9,maximumSize=,minimumSize=,preferredSize=]
2023-11-27 05:43:54,262 [INFO] UtilMem:74 - End SaveConfig() Used Memory: 878755424 Bytes (1073741824)
2023-11-27 05:43:56,105 [INFO] UtilMem:74 - End SaveConfig() Used Memory: 893435488 Bytes (1073741824)
2023-11-27 05:43:57,371 [INFO] UtilMem:74 - End SaveConfig() Used Memory: 842606608 Bytes (1073741824)
2023-11-27 05:43:57,683 [INFO] BlockDiagram:2740 - set Specific Code input for plugin: NVIC
2023-11-27 05:43:57,683 [INFO] BlockDiagram:2740 - set Specific Code input for plugin: SYS
2023-11-27 05:43:57,683 [INFO] BlockDiagram:2740 - set Specific Code input for plugin: RCC
2023-11-27 05:43:57,683 [INFO] BlockDiagram:2740 - set Specific Code input for plugin: TIM1_8F1
2023-11-27 05:43:57,683 [INFO] CodeGenerator:663 - code generatio: config db path: D:\STM32CubeIDE_1.7.0\STM32CubeIDE\plugins\com.st.stm32cube.common.mx_6.3.0.202107141111\\db\
2023-11-27 05:43:58,074 [INFO] CodeEngine:239 - oldGeneratedFile, C:\Users\vtanc\Desktop\MCU-Lab4\Lab4\MXTmpFiles\license.tmp_save
2023-11-27 05:43:58,167 [INFO] CodeEngine:257 - Generated code: C:\Users\vtanc\Desktop\MCU-Lab4\Lab4\MXTmpFiles\license.tmp
2023-11-27 05:43:58,214 [INFO] CodeEngine:239 - oldGeneratedFile, C:\Users\vtanc\Desktop\MCU-Lab4\Lab4\Core\Src\stm32f1xx_it.c_save
2023-11-27 05:43:58,355 [INFO] CodeEngine:257 - Generated code: C:\Users\vtanc\Desktop\MCU-Lab4\Lab4\Core\Src\stm32f1xx_it.c
2023-11-27 05:43:58,370 [INFO] CodeEngine:239 - oldGeneratedFile, C:\Users\vtanc\Desktop\MCU-Lab4\Lab4\Core\Inc\stm32f1xx_it.h_save
2023-11-27 05:43:58,464 [INFO] CodeEngine:257 - Generated code: C:\Users\vtanc\Desktop\MCU-Lab4\Lab4\Core\Inc\stm32f1xx_it.h
2023-11-27 05:43:58,495 [INFO] CodeEngine:239 - oldGeneratedFile, C:\Users\vtanc\Desktop\MCU-Lab4\Lab4\Core\Src\stm32f1xx_hal_msp.c_save
2023-11-27 05:43:58,620 [INFO] CodeEngine:257 - Generated code: C:\Users\vtanc\Desktop\MCU-Lab4\Lab4\Core\Src\stm32f1xx_hal_msp.c
2023-11-27 05:43:58,620 [INFO] CodeEngine:239 - oldGeneratedFile, C:\Users\vtanc\Desktop\MCU-Lab4\Lab4\MXTmpFiles\system.tmp_save
2023-11-27 05:43:58,714 [INFO] CodeEngine:257 - Generated code: C:\Users\vtanc\Desktop\MCU-Lab4\Lab4\MXTmpFiles\system.tmp
2023-11-27 05:43:58,730 [INFO] CodeEngine:239 - oldGeneratedFile, C:\Users\vtanc\Desktop\MCU-Lab4\Lab4\Core\Inc\stm32f1xx_hal_conf.h_save
2023-11-27 05:43:58,823 [INFO] CodeEngine:257 - Generated code: C:\Users\vtanc\Desktop\MCU-Lab4\Lab4\Core\Inc\stm32f1xx_hal_conf.h
2023-11-27 05:43:58,855 [WARN] IPConfigManager:3148 - IP not found : TIM
2023-11-27 05:43:58,855 [WARN] CodeGenerator:3268 - IP not found : null
2023-11-27 05:43:58,870 [INFO] CodeEngine:239 - oldGeneratedFile, C:\Users\vtanc\Desktop\MCU-Lab4\Lab4\Core\Inc\main.h_save
2023-11-27 05:43:58,948 [INFO] CodeEngine:257 - Generated code: C:\Users\vtanc\Desktop\MCU-Lab4\Lab4\Core\Inc\main.h
2023-11-27 05:43:58,964 [INFO] CodeEngine:239 - oldGeneratedFile, C:\Users\vtanc\Desktop\MCU-Lab4\Lab4\Core\Src\main.c_save
2023-11-27 05:43:59,136 [INFO] CodeEngine:257 - Generated code: C:\Users\vtanc\Desktop\MCU-Lab4\Lab4\Core\Src\main.c
2023-11-27 05:43:59,979 [INFO] ProjectBuilder:2578 - Time for Copy HAL[1] : 78mS.
2023-11-27 05:43:59,995 [INFO] ProjectBuilder:3622 - Project Generator version: 3.14.1
2023-11-27 05:44:00,479 [INFO] ConfigFileManager:1271 - The Die is : DIE412
2023-11-27 05:44:02,901 [INFO] ProjectBuilder:3789 - Time for Generating toolchain IDE Files: 2906mS.
2023-11-27 05:44:02,901 [INFO] ProjectBuilder:2457 - Time for Copy CMSIS : 0mS.
2023-11-27 05:44:02,916 [INFO] ProjectBuilder:2457 - Time for Copy CMSIS : 0mS.
